StrobeLib/build/outputs/logs/manifest-merger-release-report.txt
-- Merging decision tree log ---
manifest
ADDED from src\main\AndroidManifest.xml:2:1-18:12
INJECTED from src\main\AndroidManifest.xml:2:1-18:12
INJECTED from src\main\AndroidManifest.xml:2:1-18:12
INJECTED from src\main\AndroidManifest.xml:2:1-18:12
INJECTED from src\main\AndroidManifest.xml:2:1-18:12
INJECTED from src\main\AndroidManifest.xml:2:1-18:12
INJECTED from src\main\AndroidManifest.xml:2:1-18:12
	package
		ADDED from src\main\AndroidManifest.xml:3:7-35
		INJECTED from src\main\AndroidManifest.xml
		INJECTED from src\main\AndroidManifest.xml
	android:versionName
		ADDED from src\main\AndroidManifest.xml:5:7-34
		INJECTED from src\main\AndroidManifest.xml
		INJECTED from src\main\AndroidManifest.xml
	xmlns:android
		ADDED from src\main\AndroidManifest.xml:2:11-69
	android:versionCode
		ADDED from src\main\AndroidManifest.xml:4:7-30
		INJECTED from src\main\AndroidManifest.xml
		INJECTED from src\main\AndroidManifest.xml
	android:installLocation
		ADDED from src\main\AndroidManifest.xml:6:7-37
uses-permission#android.permission.CAMERA
ADDED from src\main\AndroidManifest.xml:10:5-64
	android:name
		ADDED from src\main\AndroidManifest.xml:10:22-62
uses-permission#android.permission.FLASHLIGHT
ADDED from src\main\AndroidManifest.xml:11:4-67
	android:name
		ADDED from src\main\AndroidManifest.xml:11:21-65
uses-permission#android.permission.RECORD_AUDIO
ADDED from src\main\AndroidManifest.xml:12:5-71
	android:name
		ADDED from src\main\AndroidManifest.xml:12:22-68
uses-permission#android.permission.WAKE_LOCK
ADDED from src\main\AndroidManifest.xml:13:5-67
	android:name
		ADDED from src\main\AndroidManifest.xml:13:22-65
uses-permission#android.permission.ACCESS_NETWORK_STATE
ADDED from src\main\AndroidManifest.xml:14:4-77
	android:name
		ADDED from src\main\AndroidManifest.xml:14:21-75
uses-permission#android.permission.FOREGROUND_SERVICE
ADDED from src\main\AndroidManifest.xml:15:4-75
	android:name
		ADDED from src\main\AndroidManifest.xml:15:21-73
uses-sdk
INJECTED from src\main\AndroidManifest.xml reason: use-sdk injection requested
INJECTED from src\main\AndroidManifest.xml
INJECTED from src\main\AndroidManifest.xml
INJECTED from src\main\AndroidManifest.xml
INJECTED from src\main\AndroidManifest.xml
	android:targetSdkVersion
		INJECTED from src\main\AndroidManifest.xml
		ADDED from src\main\AndroidManifest.xml
		INJECTED from src\main\AndroidManifest.xml
	android:minSdkVersion
		INJECTED from src\main\AndroidManifest.xml
		ADDED from src\main\AndroidManifest.xml
		INJECTED from src\main\AndroidManifest.xml